-------------------------------------------------------------------------------
Test set: com.springBoot1.SB2.controller.UserControllerTest
-------------------------------------------------------------------------------
Tests run: 1, Failures: 1, Errors: 0, Skipped: 0, Time elapsed: 2.758 s <<< FAILURE! - in com.springBoot1.SB2.controller.UserControllerTest
assert_consuming_users_create_endpoint  Time elapsed: 0.306 s  <<< FAILURE!
java.lang.AssertionError: Status expected:<201> but was:<400>
	at com.springBoot1.SB2.controller.UserControllerTest.assert_consuming_users_create_endpoint(UserControllerTest.java:45)

