<?xml version="1.0" encoding="UTF-8"?>
<testsuite xmlns:xsi="http://www.w3.org/2001/XMLSchema-instance" xsi:noNamespaceSchemaLocation="https://maven.apache.org/surefire/maven-surefire-plugin/xsd/surefire-test-report.xsd" name="com.springBoot1.SB2.service.UserServiceImplTest" time="7.085" tests="1" errors="1" skipped="0" failures="0">
  <properties>
[...]
</properties>
  <testcase name="assert_return_a_50char_token_and_link_when_resting_password_by_email" classname="com.springBoot1.SB2.service.UserServiceImplTest" time="0.115">
    <error message="Mail server connection failed; nested exception is com.sun.mail.util.MailConnectException: Couldn&apos;t connect to host, port: smtp.gmail.com, 587; timeout -1;&#10;  nested exception is:&#10;	java.net.UnknownHostException: smtp.gmail.com. Failed messages: com.sun.mail.util.MailConnectException: Couldn&apos;t connect to host, port: smtp.gmail.com, 587; timeout -1;&#10;  nested exception is:&#10;	java.net.UnknownHostException: smtp.gmail.com" type="org.springframework.mail.MailSendException">org.springframework.mail.MailSendException: 
Mail server connection failed; nested exception is com.sun.mail.util.MailConnectException: Couldn't connect to host, port: smtp.gmail.com, 587; timeout -1;
  nested exception is:
	java.net.UnknownHostException: smtp.gmail.com. Failed messages: com.sun.mail.util.MailConnectException: Couldn't connect to host, port: smtp.gmail.com, 587; timeout -1;
  nested exception is:
	java.net.UnknownHostException: smtp.gmail.com
	at com.springBoot1.SB2.service.UserServiceImplTest.assert_return_a_50char_token_and_link_when_resting_password_by_email(UserServiceImplTest.java:40)
Caused by: com.sun.mail.util.MailConnectException: Couldn't connect to host, port: smtp.gmail.com, 587; timeout -1
	at com.springBoot1.SB2.service.UserServiceImplTest.assert_return_a_50char_token_and_link_when_resting_password_by_email(UserServiceImplTest.java:40)
Caused by: java.net.UnknownHostException: smtp.gmail.com
	at com.springBoot1.SB2.service.UserServiceImplTest.assert_return_a_50char_token_and_link_when_resting_password_by_email(UserServiceImplTest.java:40)
</error>
    <system-out><![CDATA[01:19:33.471 [main] DEBUG org.springframework.test.context.BootstrapUtils - Instantiating CacheAwareContextLoaderDelegate from class [org.springframework.test.context.cache.DefaultCacheAwareContextLoaderDelegate]
01:19:33.482 [main] DEBUG org.springframework.test.context.BootstrapUtils - Instantiating BootstrapContext using constructor [public org.springframework.test.context.support.DefaultBootstrapContext(java.lang.Class,org.springframework.test.context.CacheAwareContextLoaderDelegate)]
01:19:33.540 [main] DEBUG org.springframework.test.context.BootstrapUtils - Instantiating TestContextBootstrapper for test class [com.springBoot1.SB2.service.UserServiceImplTest] from class [org.springframework.boot.test.context.SpringBootTestContextBootstrapper]
01:19:33.557 [main] INFO org.springframework.boot.test.context.SpringBootTestContextBootstrapper - Neither @ContextConfiguration nor @ContextHierarchy found for test class [com.springBoot1.SB2.service.UserServiceImplTest], using SpringBootContextLoader
01:19:33.564 [main] DEBUG org.springframework.test.context.support.AbstractContextLoader - Did not detect default resource location for test class [com.springBoot1.SB2.service.UserServiceImplTest]: class path resource [com/springBoot1/SB2/service/UserServiceImplTest-context.xml] does not exist
01:19:33.567 [main] DEBUG org.springframework.test.context.support.AbstractContextLoader - Did not detect default resource location for test class [com.springBoot1.SB2.service.UserServiceImplTest]: class path resource [com/springBoot1/SB2/service/UserServiceImplTestContext.groovy] does not exist
01:19:33.571 [main] INFO org.springframework.test.context.support.AbstractContextLoader - Could not detect default resource locations for test class [com.springBoot1.SB2.service.UserServiceImplTest]: no resource found for suffixes {-context.xml, Context.groovy}.
01:19:33.574 [main] INFO org.springframework.test.context.support.AnnotationConfigContextLoaderUtils - Could not detect default configuration classes for test class [com.springBoot1.SB2.service.UserServiceImplTest]: UserServiceImplTest does not declare any static, non-private, non-final, nested classes annotated with @Configuration.
01:19:33.651 [main] DEBUG org.springframework.test.context.support.ActiveProfilesUtils - Could not find an 'annotation declaring class' for annotation type [org.springframework.test.context.ActiveProfiles] and class [com.springBoot1.SB2.service.UserServiceImplTest]
01:19:33.714 [main] DEBUG org.springframework.context.annotation.ClassPathScanningCandidateComponentProvider - Identified candidate component class: file [/home/mohamed/Documents/projects/pharmacy/target/classes/com/springBoot1/SB2/Sb2Application.class]
01:19:33.715 [main] INFO org.springframework.boot.test.context.SpringBootTestContextBootstrapper - Found @SpringBootConfiguration com.springBoot1.SB2.Sb2Application for test class com.springBoot1.SB2.service.UserServiceImplTest
01:19:33.789 [main] DEBUG org.springframework.boot.test.context.SpringBootTestContextBootstrapper - @TestExecutionListeners is not present for class [com.springBoot1.SB2.service.UserServiceImplTest]: using defaults.
01:19:33.789 [main] INFO org.springframework.boot.test.context.SpringBootTestContextBootstrapper - Loaded default TestExecutionListener class names from location [META-INF/spring.factories]: [org.springframework.boot.test.mock.mockito.MockitoTestExecutionListener, org.springframework.boot.test.mock.mockito.ResetMocksTestExecutionListener, org.springframework.boot.test.autoconfigure.restdocs.RestDocsTestExecutionListener, org.springframework.boot.test.autoconfigure.web.client.MockRestServiceServerResetTestExecutionListener, org.springframework.boot.test.autoconfigure.web.servlet.MockMvcPrintOnlyOnFailureTestExecutionListener, org.springframework.boot.test.autoconfigure.web.servlet.WebDriverTestExecutionListener, org.springframework.boot.test.autoconfigure.webservices.client.MockWebServiceServerTestExecutionListener, org.springframework.test.context.web.ServletTestExecutionListener, org.springframework.test.context.support.DirtiesContextBeforeModesTestExecutionListener, org.springframework.test.context.event.ApplicationEventsTestExecutionListener, org.springframework.test.context.support.DependencyInjectionTestExecutionListener, org.springframework.test.context.support.DirtiesContextTestExecutionListener, org.springframework.test.context.transaction.TransactionalTestExecutionListener, org.springframework.test.context.jdbc.SqlScriptsTestExecutionListener, org.springframework.test.context.event.EventPublishingTestExecutionListener, org.springframework.security.test.context.support.WithSecurityContextTestExecutionListener, org.springframework.security.test.context.support.ReactorContextTestExecutionListener]
01:19:33.806 [main] INFO org.springframework.boot.test.context.SpringBootTestContextBootstrapper - Using TestExecutionListeners: [org.springframework.test.context.web.ServletTestExecutionListener@1c93f6e1, org.springframework.test.context.support.DirtiesContextBeforeModesTestExecutionListener@1800a575, org.springframework.test.context.event.ApplicationEventsTestExecutionListener@1458ed9c, org.springframework.boot.test.mock.mockito.MockitoTestExecutionListener@10a9d961, org.springframework.boot.test.autoconfigure.SpringBootDependencyInjectionTestExecutionListener@130e116b, org.springframework.test.context.support.DirtiesContextTestExecutionListener@e383572, org.springframework.test.context.transaction.TransactionalTestExecutionListener@5ddf0d24, org.springframework.test.context.jdbc.SqlScriptsTestExecutionListener@363a52f, org.springframework.test.context.event.EventPublishingTestExecutionListener@60856961, org.springframework.security.test.context.support.WithSecurityContextTestExecutionListener@2fd953a6, org.springframework.security.test.context.support.ReactorContextTestExecutionListener@a4add54, org.springframework.boot.test.mock.mockito.ResetMocksTestExecutionListener@141e5bef, org.springframework.boot.test.autoconfigure.restdocs.RestDocsTestExecutionListener@5f9be66c, org.springframework.boot.test.autoconfigure.web.client.MockRestServiceServerResetTestExecutionListener@3abada5a, org.springframework.boot.test.autoconfigure.web.servlet.MockMvcPrintOnlyOnFailureTestExecutionListener@66c61024, org.springframework.boot.test.autoconfigure.web.servlet.WebDriverTestExecutionListener@61fe30, org.springframework.boot.test.autoconfigure.webservices.client.MockWebServiceServerTestExecutionListener@c9d0d6]
01:19:33.809 [main] DEBUG org.springframework.test.context.support.AbstractDirtiesContextTestExecutionListener - Before test class: context [DefaultTestContext@1c33c17b testClass = UserServiceImplTest, testInstance = [null], testMethod = [null], testException = [null], mergedContextConfiguration = [WebMergedContextConfiguration@5bf0fe62 testClass = UserServiceImplTest, locations = '{}', classes = '{class com.springBoot1.SB2.Sb2Application}', contextInitializerClasses = '[]', activeProfiles = '{}', propertySourceLocations = '{}', propertySourceProperties = '{org.springframework.boot.test.context.SpringBootTestContextBootstrapper=true}', contextCustomizers = set[org.springframework.boot.test.context.filter.ExcludeFilterContextCustomizer@74751b3, org.springframework.boot.test.json.DuplicateJsonObjectContextCustomizerFactory$DuplicateJsonObjectContextCustomizer@4f2b503c, org.springframework.boot.test.mock.mockito.MockitoContextCustomizer@2220425c, org.springframework.boot.test.web.client.TestRestTemplateContextCustomizer@6253c26, org.springframework.boot.test.autoconfigure.actuate.metrics.MetricsExportContextCustomizerFactory$DisableMetricExportContextCustomizer@54a7079e, org.springframework.boot.test.autoconfigure.properties.PropertyMappingContextCustomizer@0, org.springframework.boot.test.autoconfigure.web.servlet.WebDriverContextCustomizerFactory$Customizer@73e9cf30, org.springframework.boot.test.context.SpringBootTestArgs@1, org.springframework.boot.test.context.SpringBootTestWebEnvironment@6acdbdf5], resourceBasePath = 'src/main/webapp', contextLoader = 'org.springframework.boot.test.context.SpringBootContextLoader', parent = [null]], attributes = map['org.springframework.test.context.web.ServletTestExecutionListener.activateListener' -> true]], class annotated with @DirtiesContext [false] with mode [null].

  .   ____          _            __ _ _
 /\\ / ___'_ __ _ _(_)_ __  __ _ \ \ \ \
( ( )\___ | '_ | '_| | '_ \/ _` | \ \ \ \
 \\/  ___)| |_)| | | | | || (_| |  ) ) ) )
  '  |____| .__|_| |_|_| |_\__, | / / / /
 =========|_|==============|___/=/_/_/_/
 :: Spring Boot ::                (v2.7.6)

2023-03-23 01:19:34.219  INFO 22443 --- [           main] c.s.SB2.service.UserServiceImplTest      : Starting UserServiceImplTest using Java 11.0.18 on mohamedmossad with PID 22443 (started by mohamed in /home/mohamed/Documents/projects/pharmacy)
2023-03-23 01:19:34.221  INFO 22443 --- [           main] c.s.SB2.service.UserServiceImplTest      : No active profile set, falling back to 1 default profile: "default"
2023-03-23 01:19:35.157  INFO 22443 --- [           main] .s.d.r.c.RepositoryConfigurationDelegate : Bootstrapping Spring Data JPA repositories in DEFAULT mode.
2023-03-23 01:19:35.299  INFO 22443 --- [           main] .s.d.r.c.RepositoryConfigurationDelegate : Finished Spring Data repository scanning in 134 ms. Found 18 JPA repository interfaces.
2023-03-23 01:19:36.437  INFO 22443 --- [           main] o.hibernate.jpa.internal.util.LogHelper  : HHH000204: Processing PersistenceUnitInfo [name: default]
2023-03-23 01:19:36.475  INFO 22443 --- [           main] org.hibernate.Version                    : HHH000412: Hibernate ORM core version 5.6.14.Final
2023-03-23 01:19:36.504  INFO 22443 --- [           main] o.hibernate.annotations.common.Version   : HCANN000001: Hibernate Commons Annotations {5.1.2.Final}
2023-03-23 01:19:36.583  INFO 22443 --- [           main] com.zaxxer.hikari.HikariDataSource       : HikariPool-1 - Starting...
2023-03-23 01:19:36.870  INFO 22443 --- [           main] com.zaxxer.hikari.HikariDataSource       : HikariPool-1 - Start completed.
2023-03-23 01:19:36.894  INFO 22443 --- [           main] org.hibernate.dialect.Dialect            : HHH000400: Using dialect: org.hibernate.dialect.MySQL8Dialect
2023-03-23 01:19:38.179  INFO 22443 --- [           main] o.h.e.t.j.p.i.JtaPlatformInitiator       : HHH000490: Using JtaPlatform implementation: [org.hibernate.engine.transaction.jta.platform.internal.NoJtaPlatform]
2023-03-23 01:19:38.186  INFO 22443 --- [           main] j.LocalContainerEntityManagerFactoryBean : Initialized JPA EntityManagerFactory for persistence unit 'default'
2023-03-23 01:19:39.518  WARN 22443 --- [           main] JpaBaseConfiguration$JpaWebConfiguration : spring.jpa.open-in-view is enabled by default. Therefore, database queries may be performed during view rendering. Explicitly configure spring.jpa.open-in-view to disable this warning
2023-03-23 01:19:39.891  INFO 22443 --- [           main] o.s.s.web.DefaultSecurityFilterChain     : Will secure any request with [org.springframework.security.web.session.DisableEncodeUrlFilter@19cad9f0, org.springframework.security.web.context.request.async.WebAsyncManagerIntegrationFilter@4cce421e, org.springframework.security.web.context.SecurityContextPersistenceFilter@33aa4326, org.springframework.security.web.header.HeaderWriterFilter@94f79a7, org.springframework.web.filter.CorsFilter@3681c285, org.springframework.security.web.authentication.logout.LogoutFilter@7bca98d5, com.springBoot1.SB2.security.JwtAuthenticationFilter@7ecca48, org.springframework.security.web.savedrequest.RequestCacheAwareFilter@22b2d9e3, org.springframework.security.web.servletapi.SecurityContextHolderAwareRequestFilter@43600de0, org.springframework.security.web.authentication.AnonymousAuthenticationFilter@6894d28d, org.springframework.security.web.session.SessionManagementFilter@5246453e, org.springframework.security.web.access.ExceptionTranslationFilter@384cd83a, org.springframework.security.web.access.intercept.FilterSecurityInterceptor@355da59c]
2023-03-23 01:19:40.332  INFO 22443 --- [           main] c.s.SB2.service.UserServiceImplTest      : Started UserServiceImplTest in 6.487 seconds (JVM running for 7.538)
----+++handleSendEmailToSupplierEvent++-------
]]></system-out>
  </testcase>
</testsuite>